datalayer/core/build/intermediates/manifest_merge_blame_file/debug/processDebugManifest/manifest-merger-blame-debug-report.txt
1<?xml version="1.0" encoding="utf-8"?>
2<!--
3  ~ Copyright 2022 The Android Open Source Project
4  ~
5  ~ Licensed under the Apache License, Version 2.0 (the "License");
6  ~ you may not use this file except in compliance with the License.
7  ~ You may obtain a copy of the License at
8  ~
9  ~      https://www.apache.org/licenses/LICENSE-2.0
10  ~
11  ~ Unless required by applicable law or agreed to in writing, software
12  ~ distributed under the License is distributed on an "AS IS" BASIS,
13  ~ WITHOUT WARRANTIES OR CONDITIONS OF ANY KIND, either express or implied.
14  ~ See the License for the specific language governing permissions and
15  ~ limitations under the License.
16-->
17<manifest xmlns:android="http://schemas.android.com/apk/res/android"
18    xmlns:tools="http://schemas.android.com/tools"
19    package="com.google.android.horologist.datalayer" >
20
21    <uses-sdk
21-->src\main\AndroidManifest.xml:21:5-25:11
22        android:minSdkVersion="21"
22-->src\main\AndroidManifest.xml:22:9-35
23        tools:ignore="GradleOverrides"
23-->src\main\AndroidManifest.xml:23:9-39
24        tools:overrideLibrary="androidx.wear.remote.interactions" />
24-->src\main\AndroidManifest.xml:24:9-66
25
26    <!--
27        Required in order to very briefly wake up the screen of the device when launching an app /
28        Activity remotely via the AppHelper.
29    -->
30    <uses-permission android:name="android.permission.WAKE_LOCK" />
30-->src\main\AndroidManifest.xml:31:5-68
30-->src\main\AndroidManifest.xml:31:22-65
31
32    <!--
33        Required to be able to identify the companion with NodeClient, via calls to
34        getCompanionPackageForNode().
35    -->
36    <queries>
36-->src\main\AndroidManifest.xml:37:5-42:15
37        <intent>
37-->src\main\AndroidManifest.xml:38:9-41:18
38            <action android:name="com.google.android.gms.wearable.CAPABILITY_CHANGED" />
38-->src\main\AndroidManifest.xml:39:13-89
38-->src\main\AndroidManifest.xml:39:21-86
39
40            <data android:scheme="wear" />
40-->src\main\AndroidManifest.xml:40:13-43
40-->src\main\AndroidManifest.xml:40:19-40
41        </intent>
42    </queries>
43
44</manifest>